<?xml version="1.0" encoding="utf-8" standalone="no"?>
<test-results xmlns:xsi="http://www.w3.org/2001/XMLSchema-instance" xsi:noNamespaceSchemaLocation="nunit_schema_2.5.xsd" name="Pester" total="4" errors="0" failures="3" not-run="0" inconclusive="0" ignored="0" skipped="1" invalid="0" date="2025-09-02" time="02:10:03">
  <environment user="alweiz" nunit-version="2.5.8.0" platform="Microsoft Windows 11 Pro|C:\WINDOWS|\Device\Harddisk0\Partition3" os-version="10.0.26100" cwd="D:\alweiz\Works\github-repo-zip-downloader" user-domain="AL-PC01" clr-version="9.0.6" machine-name="AL-PC01" />
  <culture-info current-culture="ja-JP" current-uiculture="ja-JP" />
  <test-suite type="TestFixture" name="Pester" executed="True" result="Failure" success="False" time="1.1028" asserts="0" description="Pester">
    <results>
      <test-suite type="TestFixture" name="D:\alweiz\Works\github-repo-zip-downloader\Tests\Get-GitHubRepoZip.Tests.ps1" executed="True" result="Failure" success="False" time="1.1028" asserts="0" description="D:\alweiz\Works\github-repo-zip-downloader\Tests\Get-GitHubRepoZip.Tests.ps1">
        <results>
          <test-suite type="TestFixture" name="Get-GitHubRepoZip CLI E2E" executed="True" result="Failure" success="False" time="0.0575" asserts="0" description="Get-GitHubRepoZip CLI E2E">
            <results>
              <test-case description="downloads default branch ZIP of this repo" name="Get-GitHubRepoZip CLI E2E.downloads default branch ZIP of this repo" time="0.0182" asserts="0" success="False" result="Failure" executed="True">
                <failure>
                  <message>ParameterBindingValidationException: Cannot bind argument to parameter 'CliPath' because it is an empty string.</message>
                  <stack-trace>at &lt;ScriptBlock&gt;, D:\alweiz\Works\github-repo-zip-downloader\Tests\Get-GitHubRepoZip.Tests.ps1:122</stack-trace>
                </failure>
              </test-case>
              <test-case description="downloads a specific ref (main)" name="Get-GitHubRepoZip CLI E2E.downloads a specific ref (main)" time="0.0159" asserts="0" success="False" result="Failure" executed="True">
                <failure>
                  <message>ParameterBindingValidationException: Cannot bind argument to parameter 'CliPath' because it is an empty string.</message>
                  <stack-trace>at &lt;ScriptBlock&gt;, D:\alweiz\Works\github-repo-zip-downloader\Tests\Get-GitHubRepoZip.Tests.ps1:135</stack-trace>
                </failure>
              </test-case>
              <test-case description="downloads latest PR head when available" name="Get-GitHubRepoZip CLI E2E.downloads latest PR head when available" time="0.0013" asserts="0" success="False" result="Ignored" executed="False" />
              <test-case description="fails clearly for a non-existing repository" name="Get-GitHubRepoZip CLI E2E.fails clearly for a non-existing repository" time="0.0159" asserts="0" success="False" result="Failure" executed="True">
                <failure>
                  <message>ParameterBindingValidationException: Cannot bind argument to parameter 'CliPath' because it is an empty string.</message>
                  <stack-trace>at &lt;ScriptBlock&gt;, D:\alweiz\Works\github-repo-zip-downloader\Tests\Get-GitHubRepoZip.Tests.ps1:157</stack-trace>
                </failure>
              </test-case>
            </results>
          </test-suite>
        </results>
      </test-suite>
    </results>
  </test-suite>
</test-results>